This is XeTeX, Version 3.14159265-2.6-0.999991 (MiKTeX 2.9.7250 64-bit) (preloaded format=xelatex 2019.11.24)  8 DEC 2019 21:47
entering extended mode
**./chapter01.tex
(chapter01.tex
LaTeX2e <2019-10-01> patch level 3
! Undefined control sequence.
l.1 \chapter
            {走进IT项目管理}
The control sequence at the end of the top line
of your error message was never \def'ed. If you have
misspelled it (e.g., `\hobx'), type `I' and the correct
spelling (e.g., `I\hbox'). Otherwise just continue,
and I'll forget about whatever was undefined.


! LaTeX Error: Missing \begin{document}.

See the LaTeX manual or LaTeX Companion for explanation.
Type  H <return>  for immediate help.
 ...                                              
                                                  
l.1 \chapter{走
              进IT项目管理}
You're in trouble here.  Try typing  <return>  to proceed.
If that doesn't work, type  X <return>  to quit.

Missing character: There is no 走 in font nullfont!
Missing character: There is no 进 in font nullfont!
Missing character: There is no I in font nullfont!
Missing character: There is no T in font nullfont!
Missing character: There is no 项 in font nullfont!
Missing character: There is no 目 in font nullfont!
Missing character: There is no 管 in font nullfont!
Missing character: There is no 理 in font nullfont!
! Undefined control sequence.
l.2 \section
            {项目的定义、特征}
The control sequence at the end of the top line
of your error message was never \def'ed. If you have
misspelled it (e.g., `\hobx'), type `I' and the correct
spelling (e.g., `I\hbox'). Otherwise just continue,
and I'll forget about whatever was undefined.

Missing character: There is no 项 in font nullfont!
Missing character: There is no 目 in font nullfont!
Missing character: There is no 的 in font nullfont!
Missing character: There is no 定 in font nullfont!
Missing character: There is no 义 in font nullfont!
Missing character: There is no 、 in font nullfont!
Missing character: There is no 特 in font nullfont!
Missing character: There is no 征 in font nullfont!
Missing character: There is no 项 in font nullfont!
Missing character: There is no 目 in font nullfont!
Missing character: There is no 是 in font nullfont!
Missing character: There is no 一 in font nullfont!
Missing character: There is no 个 in font nullfont!
Missing character: There is no 特 in font nullfont!
Missing character: There is no 殊 in font nullfont!
Missing character: There is no 的 in font nullfont!
Missing character: There is no 、 in font nullfont!
Missing character: There is no 将 in font nullfont!
Missing character: There is no 被 in font nullfont!
Missing character: There is no 完 in font nullfont!
Missing character: There is no 成 in font nullfont!
Missing character: There is no 的 in font nullfont!
Missing character: There is no 有 in font nullfont!
Missing character: There is no 限 in font nullfont!
Missing character: There is no 任 in font nullfont!
Missing character: There is no 务 in font nullfont!
Missing character: There is no ， in font nullfont!
Missing character: There is no 它 in font nullfont!
Missing character: There is no 是 in font nullfont!
Missing character: There is no 在 in font nullfont!
Missing character: There is no 一 in font nullfont!
Missing character: There is no 定 in font nullfont!
Missing character: There is no 时 in font nullfont!
Missing character: There is no 间 in font nullfont!
Missing character: There is no 内 in font nullfont!
Missing character: There is no ， in font nullfont!
Missing character: There is no 满 in font nullfont!
Missing character: There is no 足 in font nullfont!
Missing character: There is no 一 in font nullfont!
Missing character: There is no 系 in font nullfont!
Missing character: There is no 列 in font nullfont!
Missing character: There is no 特 in font nullfont!
Missing character: There is no 定 in font nullfont!
Missing character: There is no 目 in font nullfont!
Missing character: There is no 标 in font nullfont!
Missing character: There is no 的 in font nullfont!
Missing character: There is no 多 in font nullfont!
Missing character: There is no 项 in font nullfont!
Missing character: There is no 相 in font nullfont!
Missing character: There is no 关 in font nullfont!
Missing character: There is no 工 in font nullfont!
Missing character: There is no 作 in font nullfont!
Missing character: There is no 的 in font nullfont!
Missing character: There is no 总 in font nullfont!
Missing character: There is no 称 in font nullfont!
Missing character: There is no 。 in font nullfont!

Overfull \hbox (20.0pt too wide) in paragraph at lines 1--4
[]
 []


! LaTeX Error: Missing \begin{document}.

See the LaTeX manual or LaTeX Companion for explanation.
Type  H <return>  for immediate help.
 ...                                              
                                                  
l.4 \par 项
          目是为完成某一独特的产品和服务所做的一次性努力。(另一说法)
You're in trouble here.  Try typing  <return>  to proceed.
If that doesn't work, type  X <return>  to quit.

Missing character: There is no 项 in font nullfont!
Missing character: There is no 目 in font nullfont!
Missing character: There is no 是 in font nullfont!
Missing character: There is no 为 in font nullfont!
Missing character: There is no 完 in font nullfont!
Missing character: There is no 成 in font nullfont!
Missing character: There is no 某 in font nullfont!
Missing character: There is no 一 in font nullfont!
Missing character: There is no 独 in font nullfont!
Missing character: There is no 特 in font nullfont!
Missing character: There is no 的 in font nullfont!
Missing character: There is no 产 in font nullfont!
Missing character: There is no 品 in font nullfont!
Missing character: There is no 和 in font nullfont!
Missing character: There is no 服 in font nullfont!
Missing character: There is no 务 in font nullfont!
Missing character: There is no 所 in font nullfont!
Missing character: There is no 做 in font nullfont!
Missing character: There is no 的 in font nullfont!
Missing character: There is no 一 in font nullfont!
Missing character: There is no 次 in font nullfont!
Missing character: There is no 性 in font nullfont!
Missing character: There is no 努 in font nullfont!
Missing character: There is no 力 in font nullfont!
Missing character: There is no 。 in font nullfont!
Missing character: There is no ( in font nullfont!
Missing character: There is no 另 in font nullfont!
Missing character: There is no 一 in font nullfont!
Missing character: There is no 说 in font nullfont!
Missing character: There is no 法 in font nullfont!
Missing character: There is no ) in font nullfont!

Overfull \hbox (20.0pt too wide) in paragraph at lines 4--5
[] 
 []


! LaTeX Error: Missing \begin{document}.

See the LaTeX manual or LaTeX Companion for explanation.
Type  H <return>  for immediate help.
 ...                                              
                                                  
l.5 \par 项
          目的特征：目标的独特性、项目的一次性、项目的整体性、项目的临时性、项目的不确定性、资源的多变性等。
You're in trouble here.  Try typing  <return>  to proceed.
If that doesn't work, type  X <return>  to quit.

Missing character: There is no 项 in font nullfont!
Missing character: There is no 目 in font nullfont!
Missing character: There is no 的 in font nullfont!
Missing character: There is no 特 in font nullfont!
Missing character: There is no 征 in font nullfont!
Missing character: There is no ： in font nullfont!
Missing character: There is no 目 in font nullfont!
Missing character: There is no 标 in font nullfont!
Missing character: There is no 的 in font nullfont!
Missing character: There is no 独 in font nullfont!
Missing character: There is no 特 in font nullfont!
Missing character: There is no 性 in font nullfont!
Missing character: There is no 、 in font nullfont!
Missing character: There is no 项 in font nullfont!
Missing character: There is no 目 in font nullfont!
Missing character: There is no 的 in font nullfont!
Missing character: There is no 一 in font nullfont!
Missing character: There is no 次 in font nullfont!
Missing character: There is no 性 in font nullfont!
Missing character: There is no 、 in font nullfont!
Missing character: There is no 项 in font nullfont!
Missing character: There is no 目 in font nullfont!
Missing character: There is no 的 in font nullfont!
Missing character: There is no 整 in font nullfont!
Missing character: There is no 体 in font nullfont!
Missing character: There is no 性 in font nullfont!
Missing character: There is no 、 in font nullfont!
Missing character: There is no 项 in font nullfont!
Missing character: There is no 目 in font nullfont!
Missing character: There is no 的 in font nullfont!
Missing character: There is no 临 in font nullfont!
Missing character: There is no 时 in font nullfont!
Missing character: There is no 性 in font nullfont!
Missing character: There is no 、 in font nullfont!
Missing character: There is no 项 in font nullfont!
Missing character: There is no 目 in font nullfont!
Missing character: There is no 的 in font nullfont!
Missing character: There is no 不 in font nullfont!
Missing character: There is no 确 in font nullfont!
Missing character: There is no 定 in font nullfont!
Missing character: There is no 性 in font nullfont!
Missing character: There is no 、 in font nullfont!
Missing character: There is no 资 in font nullfont!
Missing character: There is no 源 in font nullfont!
Missing character: There is no 的 in font nullfont!
Missing character: There is no 多 in font nullfont!
Missing character: There is no 变 in font nullfont!
Missing character: There is no 性 in font nullfont!
Missing character: There is no 等 in font nullfont!
Missing character: There is no 。 in font nullfont!
! Undefined control sequence.
l.6 \section
            {判断下面哪些活动是项目}
The control sequence at the end of the top line
of your error message was never \def'ed. If you have
misspelled it (e.g., `\hobx'), type `I' and the correct
spelling (e.g., `I\hbox'). Otherwise just continue,
and I'll forget about whatever was undefined.

Missing character: There is no 判 in font nullfont!
Missing character: There is no 断 in font nullfont!
Missing character: There is no 下 in font nullfont!
Missing character: There is no 面 in font nullfont!
Missing character: There is no 哪 in font nullfont!
Missing character: There is no 些 in font nullfont!
Missing character: There is no 活 in font nullfont!
Missing character: There is no 动 in font nullfont!
Missing character: There is no 是 in font nullfont!
Missing character: There is no 项 in font nullfont!
Missing character: There is no 目 in font nullfont!
Missing character: There is no 每 in font nullfont!
Missing character: There is no 周 in font nullfont!
Missing character: There is no 一 in font nullfont!
Missing character: There is no 去 in font nullfont!
Missing character: There is no 上 in font nullfont!
Missing character: There is no 项 in font nullfont!
Missing character: There is no 目 in font nullfont!
Missing character: There is no 管 in font nullfont!
Missing character: There is no 理 in font nullfont!
Missing character: There is no 课 in font nullfont!
Missing character: There is no 、 in font nullfont!
LaTeX Font Info:    External font `cmex10' loaded for size
(Font)              <7> on input line 7.
LaTeX Font Info:    External font `cmex10' loaded for size
(Font)              <5> on input line 7.
Missing character: There is no 一 in font nullfont!
Missing character: There is no 次 in font nullfont!
Missing character: There is no 野 in font nullfont!
Missing character: There is no 餐 in font nullfont!
Missing character: There is no 活 in font nullfont!
Missing character: There is no 动 in font nullfont!
Missing character: There is no 、 in font nullfont!
Missing character: There is no 集 in font nullfont!
Missing character: There is no 体 in font nullfont!
Missing character: There is no 婚 in font nullfont!
Missing character: There is no 礼 in font nullfont!
Missing character: There is no 、 in font nullfont!
Missing character: There is no 社 in font nullfont!
Missing character: There is no 区 in font nullfont!
Missing character: There is no 安 in font nullfont!
Missing character: There is no 保 in font nullfont!
Missing character: There is no 、 in font nullfont!
Missing character: There is no 开 in font nullfont!
Missing character: There is no 发 in font nullfont!
Missing character: There is no 图 in font nullfont!
Missing character: There is no 书 in font nullfont!
Missing character: There is no 馆 in font nullfont!
Missing character: There is no 信 in font nullfont!
Missing character: There is no 息 in font nullfont!
Missing character: There is no 管 in font nullfont!
Missing character: There is no 理 in font nullfont!
Missing character: There is no 系 in font nullfont!
Missing character: There is no 统 in font nullfont!
Missing character: There is no 、 in font nullfont!
Missing character: There is no 每 in font nullfont!
Missing character: There is no 天 in font nullfont!
Missing character: There is no 的 in font nullfont!
Missing character: There is no 卫 in font nullfont!
Missing character: There is no 生 in font nullfont!
Missing character: There is no 保 in font nullfont!
Missing character: There is no 洁 in font nullfont!
Missing character: There is no 、 in font nullfont!
Missing character: There is no 制 in font nullfont!
Missing character: There is no 定 in font nullfont!
Missing character: There is no 神 in font nullfont!
Missing character: There is no 州 in font nullfont!
Missing character: There is no 飞 in font nullfont!
Missing character: There is no 船 in font nullfont!
Missing character: There is no 计 in font nullfont!
Missing character: There is no 划 in font nullfont!
Missing character: There is no 。 in font nullfont!
! Undefined control sequence.
l.8 \section
            {PMI：美国项目管理协会}
The control sequence at the end of the top line
of your error message was never \def'ed. If you have
misspelled it (e.g., `\hobx'), type `I' and the correct
spelling (e.g., `I\hbox'). Otherwise just continue,
and I'll forget about whatever was undefined.

Missing character: There is no P in font nullfont!
Missing character: There is no M in font nullfont!
Missing character: There is no I in font nullfont!
Missing character: There is no ： in font nullfont!
Missing character: There is no 美 in font nullfont!
Missing character: There is no 国 in font nullfont!
Missing character: There is no 项 in font nullfont!
Missing character: There is no 目 in font nullfont!
Missing character: There is no 管 in font nullfont!
Missing character: There is no 理 in font nullfont!
Missing character: There is no 协 in font nullfont!
Missing character: There is no 会 in font nullfont!
Missing character: There is no 项 in font nullfont!
Missing character: There is no 目 in font nullfont!
Missing character: There is no 管 in font nullfont!
Missing character: There is no 理 in font nullfont!
Missing character: There is no 知 in font nullfont!
Missing character: There is no 识 in font nullfont!
Missing character: There is no 体 in font nullfont!
Missing character: There is no 系 in font nullfont!
Missing character: There is no 把 in font nullfont!
Missing character: There is no 项 in font nullfont!
Missing character: There is no 目 in font nullfont!
Missing character: There is no 管 in font nullfont!
Missing character: There is no 理 in font nullfont!
Missing character: There is no 划 in font nullfont!
Missing character: There is no 分 in font nullfont!
Missing character: There is no 为 in font nullfont!
Missing character: There is no 9 in font nullfont!
Missing character: There is no 个 in font nullfont!
Missing character: There is no 知 in font nullfont!
Missing character: There is no 识 in font nullfont!
Missing character: There is no 领 in font nullfont!
Missing character: There is no 域 in font nullfont!
Missing character: There is no 和 in font nullfont!
Missing character: There is no 4 in font nullfont!
Missing character: There is no 4 in font nullfont!
Missing character: There is no 个 in font nullfont!
Missing character: There is no 管 in font nullfont!
Missing character: There is no 理 in font nullfont!
Missing character: There is no 过 in font nullfont!
Missing character: There is no 程 in font nullfont!
Missing character: There is no 。 in font nullfont!

Overfull \hbox (20.0pt too wide) in paragraph at lines 5--10
[]
 []


! LaTeX Error: Missing \begin{document}.

See the LaTeX manual or LaTeX Companion for explanation.
Type  H <return>  for immediate help.
 ...                                              
                                                  
l.10 \par ９
           个知识领域包括4个核心知识领域、4个辅助知识领域和1个项目整体管理。
You're in trouble here.  Try typing  <return>  to proceed.
If that doesn't work, type  X <return>  to quit.

Missing character: There is no ９ in font nullfont!
Missing character: There is no 个 in font nullfont!
Missing character: There is no 知 in font nullfont!
Missing character: There is no 识 in font nullfont!
Missing character: There is no 领 in font nullfont!
Missing character: There is no 域 in font nullfont!
Missing character: There is no 包 in font nullfont!
Missing character: There is no 括 in font nullfont!
Missing character: There is no 4 in font nullfont!
Missing character: There is no 个 in font nullfont!
Missing character: There is no 核 in font nullfont!
Missing character: There is no 心 in font nullfont!
Missing character: There is no 知 in font nullfont!
Missing character: There is no 识 in font nullfont!
Missing character: There is no 领 in font nullfont!
Missing character: There is no 域 in font nullfont!
Missing character: There is no 、 in font nullfont!
Missing character: There is no 4 in font nullfont!
Missing character: There is no 个 in font nullfont!
Missing character: There is no 辅 in font nullfont!
Missing character: There is no 助 in font nullfont!
Missing character: There is no 知 in font nullfont!
Missing character: There is no 识 in font nullfont!
Missing character: There is no 领 in font nullfont!
Missing character: There is no 域 in font nullfont!
Missing character: There is no 和 in font nullfont!
Missing character: There is no 1 in font nullfont!
Missing character: There is no 个 in font nullfont!
Missing character: There is no 项 in font nullfont!
Missing character: There is no 目 in font nullfont!
Missing character: There is no 整 in font nullfont!
Missing character: There is no 体 in font nullfont!
Missing character: There is no 管 in font nullfont!
Missing character: There is no 理 in font nullfont!
Missing character: There is no 。 in font nullfont!

Overfull \hbox (20.0pt too wide) in paragraph at lines 10--11
[] 
 []


! LaTeX Error: Missing \begin{document}.

See the LaTeX manual or LaTeX Companion for explanation.
Type  H <return>  for immediate help.
 ...                                              
                                                  
l.11 \par ４
           个核心知识领域，之所以称其为核心知识领域是因为这几个方面将形成具体的项目目标，核心知识领域分别是：
You're in trouble here.  Try typing  <return>  to proceed.
If that doesn't work, type  X <return>  to quit.

Missing character: There is no ４ in font nullfont!
Missing character: There is no 个 in font nullfont!
Missing character: There is no 核 in font nullfont!
Missing character: There is no 心 in font nullfont!
Missing character: There is no 知 in font nullfont!
Missing character: There is no 识 in font nullfont!
Missing character: There is no 领 in font nullfont!
Missing character: There is no 域 in font nullfont!
Missing character: There is no ， in font nullfont!
Missing character: There is no 之 in font nullfont!
Missing character: There is no 所 in font nullfont!
Missing character: There is no 以 in font nullfont!
Missing character: There is no 称 in font nullfont!
Missing character: There is no 其 in font nullfont!
Missing character: There is no 为 in font nullfont!
Missing character: There is no 核 in font nullfont!
Missing character: There is no 心 in font nullfont!
Missing character: There is no 知 in font nullfont!
Missing character: There is no 识 in font nullfont!
Missing character: There is no 领 in font nullfont!
Missing character: There is no 域 in font nullfont!
Missing character: There is no 是 in font nullfont!
Missing character: There is no 因 in font nullfont!
Missing character: There is no 为 in font nullfont!
Missing character: There is no 这 in font nullfont!
Missing character: There is no 几 in font nullfont!
Missing character: There is no 个 in font nullfont!
Missing character: There is no 方 in font nullfont!
Missing character: There is no 面 in font nullfont!
Missing character: There is no 将 in font nullfont!
Missing character: There is no 形 in font nullfont!
Missing character: There is no 成 in font nullfont!
Missing character: There is no 具 in font nullfont!
Missing character: There is no 体 in font nullfont!
Missing character: There is no 的 in font nullfont!
Missing character: There is no 项 in font nullfont!
Missing character: There is no 目 in font nullfont!
Missing character: There is no 目 in font nullfont!
Missing character: There is no 标 in font nullfont!
Missing character: There is no ， in font nullfont!
Missing character: There is no 核 in font nullfont!
Missing character: There is no 心 in font nullfont!
Missing character: There is no 知 in font nullfont!
Missing character: There is no 识 in font nullfont!
Missing character: There is no 领 in font nullfont!
Missing character: There is no 域 in font nullfont!
Missing character: There is no 分 in font nullfont!
Missing character: There is no 别 in font nullfont!
Missing character: There is no 是 in font nullfont!
Missing character: There is no ： in font nullfont!

Overfull \hbox (20.0pt too wide) in paragraph at lines 11--12
[] 
 []

! Undefined control sequence.
l.13 \section
             {什么是项目？什么是项目管理？导致IT项目失败的主要原因是什么？}
The control sequence at the end of the top line
of your error message was never \def'ed. If you have
misspelled it (e.g., `\hobx'), type `I' and the correct
spelling (e.g., `I\hbox'). Otherwise just continue,
and I'll forget about whatever was undefined.


! LaTeX Error: Missing \begin{document}.

See the LaTeX manual or LaTeX Companion for explanation.
Type  H <return>  for immediate help.
 ...                                              
                                                  
l.13 \section{什
               么是项目？什么是项目管理？导致IT项目失败的主要原因是什么？}
You're in trouble here.  Try typing  <return>  to proceed.
If that doesn't work, type  X <return>  to quit.

Missing character: There is no 什 in font nullfont!
Missing character: There is no 么 in font nullfont!
Missing character: There is no 是 in font nullfont!
Missing character: There is no 项 in font nullfont!
Missing character: There is no 目 in font nullfont!
Missing character: There is no ？ in font nullfont!
Missing character: There is no 什 in font nullfont!
Missing character: There is no 么 in font nullfont!
Missing character: There is no 是 in font nullfont!
Missing character: There is no 项 in font nullfont!
Missing character: There is no 目 in font nullfont!
Missing character: There is no 管 in font nullfont!
Missing character: There is no 理 in font nullfont!
Missing character: There is no ？ in font nullfont!
Missing character: There is no 导 in font nullfont!
Missing character: There is no 致 in font nullfont!
Missing character: There is no I in font nullfont!
Missing character: There is no T in font nullfont!
Missing character: There is no 项 in font nullfont!
Missing character: There is no 目 in font nullfont!
Missing character: There is no 失 in font nullfont!
Missing character: There is no 败 in font nullfont!
Missing character: There is no 的 in font nullfont!
Missing character: There is no 主 in font nullfont!
Missing character: There is no 要 in font nullfont!
Missing character: There is no 原 in font nullfont!
Missing character: There is no 因 in font nullfont!
Missing character: There is no 是 in font nullfont!
Missing character: There is no 什 in font nullfont!
Missing character: There is no 么 in font nullfont!
Missing character: There is no ？ in font nullfont!
! Undefined control sequence.
l.14 \section
             {什么是软件项目？如何分类？软件项目的特点主要表现在哪些方面？}
The control sequence at the end of the top line
of your error message was never \def'ed. If you have
misspelled it (e.g., `\hobx'), type `I' and the correct
spelling (e.g., `I\hbox'). Otherwise just continue,
and I'll forget about whatever was undefined.

Missing character: There is no 什 in font nullfont!
Missing character: There is no 么 in font nullfont!
Missing character: There is no 是 in font nullfont!
Missing character: There is no 软 in font nullfont!
Missing character: There is no 件 in font nullfont!
Missing character: There is no 项 in font nullfont!
Missing character: There is no 目 in font nullfont!
Missing character: There is no ？ in font nullfont!
Missing character: There is no 如 in font nullfont!
Missing character: There is no 何 in font nullfont!
Missing character: There is no 分 in font nullfont!
Missing character: There is no 类 in font nullfont!
Missing character: There is no ？ in font nullfont!
Missing character: There is no 软 in font nullfont!
Missing character: There is no 件 in font nullfont!
Missing character: There is no 项 in font nullfont!
Missing character: There is no 目 in font nullfont!
Missing character: There is no 的 in font nullfont!
Missing character: There is no 特 in font nullfont!
Missing character: There is no 点 in font nullfont!
Missing character: There is no 主 in font nullfont!
Missing character: There is no 要 in font nullfont!
Missing character: There is no 表 in font nullfont!
Missing character: There is no 现 in font nullfont!
Missing character: There is no 在 in font nullfont!
Missing character: There is no 哪 in font nullfont!
Missing character: There is no 些 in font nullfont!
Missing character: There is no 方 in font nullfont!
Missing character: There is no 面 in font nullfont!
Missing character: There is no ？ in font nullfont!
)
! Emergency stop.
<*> ./chapter01.tex
                   
*** (job aborted, no legal \end found)

 
Here is how much of TeX's memory you used:
 7 strings out of 427240
 87 string characters out of 3148342
 66039 words of memory out of 3000000
 4589 multiletter control sequences out of 15000+200000
 3640 words of font info for 14 fonts, out of 3000000 for 9000
 1348 hyphenation exceptions out of 8191
 19i,3n,13p,140b,56s stack positions out of 5000i,500n,10000p,200000b,50000s
No pages of output.
